2020-03-20 12:50:21,892 INFO o.a.j.u.JMeterUtils: Setting Locale to en_US
2020-03-20 12:50:21,907 INFO o.a.j.JMeter: Loading system properties from: system.properties
2020-03-20 12:50:21,912 INFO o.a.j.JMeter: Copyright (c) 1998-2018 The Apache Software Foundation
2020-03-20 12:50:21,912 INFO o.a.j.JMeter: Version 4.0 r1823414
2020-03-20 12:50:21,912 INFO o.a.j.JMeter: java.version=1.8.0_231
2020-03-20 12:50:21,912 INFO o.a.j.JMeter: java.vm.name=Java HotSpot(TM) 64-Bit Server VM
2020-03-20 12:50:21,912 INFO o.a.j.JMeter: os.name=Linux
2020-03-20 12:50:21,912 INFO o.a.j.JMeter: os.arch=amd64
2020-03-20 12:50:21,912 INFO o.a.j.JMeter: os.version=3.10.0-693.2.2.el7.x86_64
2020-03-20 12:50:21,912 INFO o.a.j.JMeter: file.encoding=ANSI_X3.4-1968
2020-03-20 12:50:21,912 INFO o.a.j.JMeter: Max memory     =514850816
2020-03-20 12:50:21,913 INFO o.a.j.JMeter: Available Processors =4
2020-03-20 12:50:21,918 INFO o.a.j.JMeter: Default Locale=English (United States)
2020-03-20 12:50:21,918 INFO o.a.j.JMeter: JMeter  Locale=English (United States)
2020-03-20 12:50:21,918 INFO o.a.j.JMeter: JMeterHome=/var/jenkins_home/workspace/weiwenqing-jmeter/target/jmeter
2020-03-20 12:50:21,918 INFO o.a.j.JMeter: user.dir  =/var/jenkins_home/workspace/weiwenqing-jmeter/target/jmeter/bin
2020-03-20 12:50:21,918 INFO o.a.j.JMeter: PWD       =/var/jenkins_home/workspace/weiwenqing-jmeter/target/jmeter/bin
2020-03-20 12:50:21,919 INFO o.a.j.JMeter: IP: 172.18.0.2 Name: 351fd4ff13f6 FullName: 351fd4ff13f6
2020-03-20 12:50:21,920 INFO o.a.j.JMeter: Setting property 'jmeter.reportgenerator.outputdir' to:'/var/jenkins_home/workspace/weiwenqing-jmeter/target/jmeter/reports/baidu-02_20200320_125021'
2020-03-20 12:50:21,922 INFO o.a.j.s.FileServer: Default base='/var/jenkins_home/workspace/weiwenqing-jmeter/target/jmeter/bin'
2020-03-20 12:50:21,927 INFO o.a.j.s.FileServer: Set new base='/var/jenkins_home/workspace/weiwenqing-jmeter/target/jmeter/testFiles'
2020-03-20 12:50:22,072 INFO o.a.j.s.SaveService: Testplan (JMX) version: 2.2. Testlog (JTL) version: 2.2
2020-03-20 12:50:22,084 INFO o.a.j.s.SaveService: Using SaveService properties file encoding UTF-8
2020-03-20 12:50:22,089 INFO o.a.j.s.SaveService: Using SaveService properties version 4.0
2020-03-20 12:50:22,096 INFO o.a.j.s.SaveService: Loading file: /var/jenkins_home/workspace/weiwenqing-jmeter/target/jmeter/testFiles/baidu-02.jmx
2020-03-20 12:50:22,140 INFO o.a.j.p.h.s.HTTPSamplerBase: Parser for text/html is org.apache.jmeter.protocol.http.parser.LagartoBasedHtmlParser
2020-03-20 12:50:22,140 INFO o.a.j.p.h.s.HTTPSamplerBase: Parser for application/xhtml+xml is org.apache.jmeter.protocol.http.parser.LagartoBasedHtmlParser
2020-03-20 12:50:22,140 INFO o.a.j.p.h.s.HTTPSamplerBase: Parser for application/xml is org.apache.jmeter.protocol.http.parser.LagartoBasedHtmlParser
2020-03-20 12:50:22,140 INFO o.a.j.p.h.s.HTTPSamplerBase: Parser for text/xml is org.apache.jmeter.protocol.http.parser.LagartoBasedHtmlParser
2020-03-20 12:50:22,140 INFO o.a.j.p.h.s.HTTPSamplerBase: Parser for text/vnd.wap.wml is org.apache.jmeter.protocol.http.parser.RegexpHTMLParser
2020-03-20 12:50:22,140 INFO o.a.j.p.h.s.HTTPSamplerBase: Parser for text/css is org.apache.jmeter.protocol.http.parser.CssParser
2020-03-20 12:50:22,158 INFO o.a.j.JMeter: Creating summariser <summary>
2020-03-20 12:50:22,163 INFO o.a.j.r.d.ReportGenerator: ReportGenerator will use for Parsing the separator: ','
2020-03-20 12:50:22,163 INFO o.a.j.r.d.ReportGenerator: Will generate report at end of test from  results file: /var/jenkins_home/workspace/weiwenqing-jmeter/target/jmeter/results/20200320-baidu-02.csv
2020-03-20 12:50:22,163 INFO o.a.j.r.d.ReportGenerator: Reading report generator properties from: /var/jenkins_home/workspace/weiwenqing-jmeter/target/jmeter/bin/reportgenerator.properties
2020-03-20 12:50:22,164 INFO o.a.j.r.d.ReportGenerator: Merging with JMeter properties
2020-03-20 12:50:22,168 INFO o.a.j.r.c.ReportGeneratorConfiguration: Property 'jmeter.reportgenerator.temp_dir' not found, using default value 'temp' instead.
2020-03-20 12:50:22,170 INFO o.a.j.r.c.ReportGeneratorConfiguration: Property 'jmeter.reportgenerator.apdex_per_transaction' not found, using default value 'null' instead.
2020-03-20 12:50:22,170 INFO o.a.j.r.c.ReportGeneratorConfiguration: apdex_per_transaction : {} is empty, not APDEX per transaction customization
2020-03-20 12:50:22,170 INFO o.a.j.r.c.ReportGeneratorConfiguration: Property 'jmeter.reportgenerator.sample_filter' not found, using default value 'null' instead.
2020-03-20 12:50:22,171 INFO o.a.j.r.c.ReportGeneratorConfiguration: Property 'jmeter.reportgenerator.report_title' not found, using default value 'null' instead.
2020-03-20 12:50:22,171 INFO o.a.j.r.c.ReportGeneratorConfiguration: Property 'jmeter.reportgenerator.start_date' not found, using default value 'null' instead.
2020-03-20 12:50:22,171 INFO o.a.j.r.c.ReportGeneratorConfiguration: Property 'jmeter.reportgenerator.end_date' not found, using default value 'null' instead.
2020-03-20 12:50:22,171 INFO o.a.j.r.c.ReportGeneratorConfiguration: Property 'jmeter.reportgenerator.date_format' not found, using default value 'null' instead.
2020-03-20 12:50:22,171 INFO o.a.j.r.c.ReportGeneratorConfiguration: Will use date range start date: null, end date: null
2020-03-20 12:50:22,176 INFO o.a.j.r.c.ReportGeneratorConfiguration: Property 'jmeter.reportgenerator.graph.activeThreadsOverTime.exclude_controllers' not found, using default value 'false' instead.
2020-03-20 12:50:22,176 INFO o.a.j.r.c.ReportGeneratorConfiguration: Property 'jmeter.reportgenerator.graph.timeVsThreads.exclude_controllers' not found, using default value 'false' instead.
2020-03-20 12:50:22,176 INFO o.a.j.r.c.ReportGeneratorConfiguration: Property 'jmeter.reportgenerator.graph.responseTimeDistribution.exclude_controllers' not found, using default value 'false' instead.
2020-03-20 12:50:22,176 INFO o.a.j.r.c.ReportGeneratorConfiguration: Property 'jmeter.reportgenerator.graph.transactionsPerSecond.exclude_controllers' not found, using default value 'false' instead.
2020-03-20 12:50:22,176 INFO o.a.j.r.c.ReportGeneratorConfiguration: Property 'jmeter.reportgenerator.graph.responseTimePercentiles.exclude_controllers' not found, using default value 'false' instead.
2020-03-20 12:50:22,177 INFO o.a.j.r.c.ReportGeneratorConfiguration: Property 'jmeter.reportgenerator.graph.responseTimePercentilesOverTime.exclude_controllers' not found, using default value 'false' instead.
2020-03-20 12:50:22,177 INFO o.a.j.r.c.ReportGeneratorConfiguration: Property 'jmeter.reportgenerator.graph.responseTimesOverTime.exclude_controllers' not found, using default value 'false' instead.
2020-03-20 12:50:22,177 INFO o.a.j.r.c.ReportGeneratorConfiguration: Property 'jmeter.reportgenerator.graph.connectTimeOverTime.exclude_controllers' not found, using default value 'false' instead.
2020-03-20 12:50:22,177 INFO o.a.j.r.c.ReportGeneratorConfiguration: Property 'jmeter.reportgenerator.graph.latenciesOverTime.exclude_controllers' not found, using default value 'false' instead.
2020-03-20 12:50:22,178 INFO o.a.j.r.c.ReportGeneratorConfiguration: Property 'jmeter.reportgenerator.exporter.html.filters_only_sample_series' not found, using default value 'true' instead.
2020-03-20 12:50:22,178 INFO o.a.j.r.c.ReportGeneratorConfiguration: Property 'jmeter.reportgenerator.exporter.html.series_filter' not found, using default value '' instead.
2020-03-20 12:50:22,178 INFO o.a.j.r.c.ReportGeneratorConfiguration: Property 'jmeter.reportgenerator.exporter.html.show_controllers_only' not found, using default value 'false' instead.
2020-03-20 12:50:22,182 INFO o.a.j.e.StandardJMeterEngine: Running the test!
2020-03-20 12:50:22,183 INFO o.a.j.s.SampleEvent: List of sample_variables: []
2020-03-20 12:50:22,183 INFO o.a.j.s.SampleEvent: List of sample_variables: []
2020-03-20 12:50:22,187 INFO o.a.j.e.u.CompoundVariable: Note: Function class names must contain the string: '.functions.'
2020-03-20 12:50:22,187 INFO o.a.j.e.u.CompoundVariable: Note: Function class names must not contain the string: '.gui.'
2020-03-20 12:50:22,638 INFO o.a.j.JMeter: Running test (1584708622638)
2020-03-20 12:50:22,704 INFO o.a.j.e.StandardJMeterEngine: Starting ThreadGroup: 1 : Thread Group
2020-03-20 12:50:22,704 INFO o.a.j.e.StandardJMeterEngine: Starting 1 threads for group Thread Group.
2020-03-20 12:50:22,704 INFO o.a.j.e.StandardJMeterEngine: Thread will continue on error
2020-03-20 12:50:22,705 INFO o.a.j.t.ThreadGroup: Starting thread group... number=1 threads=1 ramp-up=1 perThread=1000.0 delayedStart=false
2020-03-20 12:50:22,712 INFO o.a.j.t.ThreadGroup: Started thread group number 1
2020-03-20 12:50:22,712 INFO o.a.j.e.StandardJMeterEngine: All thread groups have been started
2020-03-20 12:50:22,714 INFO o.a.j.t.JMeterThread: Thread started: Thread Group 1-1
2020-03-20 12:50:22,732 INFO o.a.j.p.h.s.HTTPHCAbstractImpl: Local host = 351fd4ff13f6
2020-03-20 12:50:22,739 INFO o.a.j.p.h.s.HTTPHC4Impl: HTTP request retry count = 0
2020-03-20 12:50:22,747 INFO o.a.j.s.SampleResult: Note: Sample TimeStamps are START times
2020-03-20 12:50:22,747 INFO o.a.j.s.SampleResult: sampleresult.default.encoding is set to ISO-8859-1
2020-03-20 12:50:22,747 INFO o.a.j.s.SampleResult: sampleresult.useNanoTime=true
2020-03-20 12:50:22,747 INFO o.a.j.s.SampleResult: sampleresult.nanoThreadSleep=5000
2020-03-20 12:50:22,802 INFO o.a.j.p.h.s.LazySchemeSocketFactory: Setting up HTTPS TrustAll Socket Factory
2020-03-20 12:50:22,809 INFO o.a.j.u.JsseSSLManager: Using default SSL protocol: TLS
2020-03-20 12:50:22,809 INFO o.a.j.u.JsseSSLManager: SSL session context: per-thread
2020-03-20 12:50:22,987 INFO o.a.j.u.SSLManager: JmeterKeyStore Location:  type JKS
2020-03-20 12:50:22,989 INFO o.a.j.u.SSLManager: KeyStore created OK
2020-03-20 12:50:22,989 WARN o.a.j.u.SSLManager: Keystore file not found, loading empty keystore
2020-03-20 12:50:23,182 INFO o.a.j.t.JMeterThread: Thread is done: Thread Group 1-1
2020-03-20 12:50:23,183 INFO o.a.j.t.JMeterThread: Thread finished: Thread Group 1-1
2020-03-20 12:50:23,184 INFO o.a.j.e.StandardJMeterEngine: Notifying test listeners of end of test
2020-03-20 12:50:23,185 INFO o.a.j.r.Summariser: summary =      1 in 00:00:01 =    1.8/s Avg:   410 Min:   410 Max:   410 Err:     0 (0.00%)
2020-03-20 12:50:23,186 INFO o.a.j.JMeter: Generating Dashboard
2020-03-20 12:50:23,186 INFO o.a.j.r.d.ReportGenerator: Flushing result collector before report Generation
2020-03-20 12:50:23,199 INFO o.a.j.r.p.NormalizerSampleConsumer: Using format, 'ms', to parse timeStamp field
2020-03-20 12:50:23,265 INFO o.a.j.r.p.AbstractSampleConsumer: class org.apache.jmeter.report.processor.AggregateConsumer#stopProducing(): beginDate produced 0 samples
2020-03-20 12:50:23,266 INFO o.a.j.r.p.AbstractSampleConsumer: class org.apache.jmeter.report.processor.AggregateConsumer#stopProducing(): endDate produced 0 samples
2020-03-20 12:50:23,267 INFO o.a.j.r.p.AbstractSampleConsumer: class org.apache.jmeter.report.processor.ApdexSummaryConsumer#stopProducing(): apdexSummary produced 0 samples
2020-03-20 12:50:23,268 INFO o.a.j.r.p.AbstractSampleConsumer: class org.apache.jmeter.report.processor.RequestsSummaryConsumer#stopProducing(): requestsSummary produced 0 samples
2020-03-20 12:50:23,271 INFO o.a.j.r.p.AbstractSampleConsumer: class org.apache.jmeter.report.processor.StatisticsSummaryConsumer#stopProducing(): statisticsSummary produced 0 samples
2020-03-20 12:50:23,275 INFO o.a.j.r.p.AbstractSampleConsumer: class org.apache.jmeter.report.processor.Top5ErrorsBySamplerConsumer#stopProducing(): top5ErrorsBySampler produced 0 samples
2020-03-20 12:50:23,275 INFO o.a.j.r.p.AbstractSampleConsumer: class org.apache.jmeter.report.processor.ErrorsSummaryConsumer#stopProducing(): errorsSummary produced 0 samples
2020-03-20 12:50:23,275 INFO o.a.j.r.p.AbstractSampleConsumer: class org.apache.jmeter.report.processor.graph.impl.HitsPerSecondGraphConsumer#stopProducing(): hitsPerSecond produced 0 samples
2020-03-20 12:50:23,281 INFO o.a.j.r.p.AbstractSampleConsumer: class org.apache.jmeter.report.processor.graph.impl.LatencyVSRequestGraphConsumer#stopProducing(): latencyVsRequest produced 0 samples
2020-03-20 12:50:23,281 INFO o.a.j.r.p.AbstractSampleConsumer: class org.apache.jmeter.report.processor.graph.impl.SyntheticResponseTimeDistributionGraphConsumer#stopProducing(): syntheticResponseTimeDistribution produced 0 samples
2020-03-20 12:50:23,281 INFO o.a.j.r.p.AbstractSampleConsumer: class org.apache.jmeter.report.processor.graph.impl.BytesThroughputGraphConsumer#stopProducing(): bytesThroughputOverTime produced 0 samples
2020-03-20 12:50:23,281 INFO o.a.j.r.p.AbstractSampleConsumer: class org.apache.jmeter.report.processor.graph.impl.CodesPerSecondGraphConsumer#stopProducing(): codesPerSecond produced 0 samples
2020-03-20 12:50:23,283 INFO o.a.j.r.p.AbstractSampleConsumer: class org.apache.jmeter.report.processor.graph.impl.ResponseTimeVSRequestGraphConsumer#stopProducing(): responseTimeVsRequest produced 0 samples
2020-03-20 12:50:23,283 INFO o.a.j.r.p.AbstractSampleConsumer: class org.apache.jmeter.report.processor.FilterConsumer#stopProducing(): startIntervalControlerFilter produced 7 samples
2020-03-20 12:50:23,283 INFO o.a.j.r.p.AbstractSampleConsumer: class org.apache.jmeter.report.processor.graph.impl.ActiveThreadsGraphConsumer#stopProducing(): activeThreadsOverTime produced 0 samples
2020-03-20 12:50:23,284 INFO o.a.j.r.p.AbstractSampleConsumer: class org.apache.jmeter.report.processor.graph.impl.TimeVSThreadGraphConsumer#stopProducing(): timeVsThreads produced 0 samples
2020-03-20 12:50:23,284 INFO o.a.j.r.p.AbstractSampleConsumer: class org.apache.jmeter.report.processor.graph.impl.ResponseTimeDistributionGraphConsumer#stopProducing(): responseTimeDistribution produced 0 samples
2020-03-20 12:50:23,284 INFO o.a.j.r.p.AbstractSampleConsumer: class org.apache.jmeter.report.processor.graph.impl.TransactionsPerSecondGraphConsumer#stopProducing(): transactionsPerSecond produced 0 samples
2020-03-20 12:50:23,284 INFO o.a.j.r.p.AbstractSampleConsumer: class org.apache.jmeter.report.processor.graph.impl.ResponseTimePercentilesGraphConsumer#stopProducing(): responseTimePercentiles produced 0 samples
2020-03-20 12:50:23,286 INFO o.a.j.r.p.AbstractSampleConsumer: class org.apache.jmeter.report.processor.graph.impl.ResponseTimePercentilesOverTimeGraphConsumer#stopProducing(): responseTimePercentilesOverTime produced 0 samples
2020-03-20 12:50:23,286 INFO o.a.j.r.p.AbstractSampleConsumer: class org.apache.jmeter.report.processor.graph.impl.ResponseTimeOverTimeGraphConsumer#stopProducing(): responseTimesOverTime produced 0 samples
2020-03-20 12:50:23,286 INFO o.a.j.r.p.AbstractSampleConsumer: class org.apache.jmeter.report.processor.graph.impl.ConnectTimeOverTimeGraphConsumer#stopProducing(): connectTimeOverTime produced 0 samples
2020-03-20 12:50:23,287 INFO o.a.j.r.p.AbstractSampleConsumer: class org.apache.jmeter.report.processor.graph.impl.LatencyOverTimeGraphConsumer#stopProducing(): latenciesOverTime produced 0 samples
2020-03-20 12:50:23,287 INFO o.a.j.r.p.AbstractSampleConsumer: class org.apache.jmeter.report.processor.FilterConsumer#stopProducing(): nameFilter produced 14 samples
2020-03-20 12:50:23,287 INFO o.a.j.r.p.AbstractSampleConsumer: class org.apache.jmeter.report.processor.FilterConsumer#stopProducing(): dateRangeFilter produced 3 samples
2020-03-20 12:50:23,287 INFO o.a.j.r.p.AbstractSampleConsumer: class org.apache.jmeter.report.processor.NormalizerSampleConsumer#stopProducing(): normalizer produced 1 samples
2020-03-20 12:50:23,287 INFO o.a.j.r.p.CsvFileSampleSource: produce(): 1 samples produced in 58ms on channel 0
2020-03-20 12:50:23,287 INFO o.a.j.r.d.ReportGenerator: Exporting data using exporter:'html' of className:'org.apache.jmeter.report.dashboard.HtmlTemplateExporter'
2020-03-20 12:50:23,290 INFO o.a.j.r.d.HtmlTemplateExporter: Will generate dashboard in folder: /var/jenkins_home/workspace/weiwenqing-jmeter/target/jmeter/reports/baidu-02_20200320_125021
2020-03-20 12:50:23,375 INFO o.a.j.r.d.HtmlTemplateExporter: Report will be generated in: /var/jenkins_home/workspace/weiwenqing-jmeter/target/jmeter/reports/baidu-02_20200320_125021, creating folder structure
2020-03-20 12:50:23,590 INFO o.a.j.JMeter: Dashboard generated
